2025.09.09 15:21:54 INFO  Started: Metals version 1.6.2 in folders 'C:\Users\gabri\.aGITProgrammering\chisel-lab' for client Visual Studio Code 1.103.2.
2025.09.09 15:21:56 INFO  no build target found for C:\Users\gabri\.aGITProgrammering\chisel-lab\lab2\build.sbt. Using presentation compiler with project's scala-library version: 3.3.6
2025.09.09 15:22:01 INFO  no build target found for C:\Users\gabri\.aGITProgrammering\chisel-lab\lab2\build.sbt. Using presentation compiler with project's scala-library version: 3.3.6
2025.09.09 15:22:01 INFO  no build target found for C:\Users\gabri\.aGITProgrammering\chisel-lab\lab2\build.sbt. Using presentation compiler with project's scala-library version: 3.3.6
2025.09.09 15:22:01 INFO  no build target found for C:\Users\gabri\.aGITProgrammering\chisel-lab\lab2\build.sbt. Using presentation compiler with project's scala-library version: 3.3.6
sep. 09, 2025 3:22:02 PM org.eclipse.lsp4j.jsonrpc.RemoteEndpoint handleCancellation
WARNING: Unmatched cancel notification for request id 2
sep. 09, 2025 3:22:02 PM org.eclipse.lsp4j.jsonrpc.RemoteEndpoint handleCancellation
WARNING: Unmatched cancel notification for request id 8
sep. 09, 2025 3:22:02 PM org.eclipse.lsp4j.jsonrpc.RemoteEndpoint handleCancellation
WARNING: Unmatched cancel notification for request id 3
sep. 09, 2025 3:22:02 PM org.eclipse.lsp4j.jsonrpc.RemoteEndpoint handleCancellation
WARNING: Unmatched cancel notification for request id 6
2025.09.09 15:22:01 INFO  no build target found for C:\Users\gabri\.aGITProgrammering\chisel-lab\lab2\build.sbt. Using presentation compiler with project's scala-library version: 3.3.6
2025.09.09 15:22:02 INFO  no build target found for C:\Users\gabri\.aGITProgrammering\chisel-lab\lab2\build.sbt. Using presentation compiler with project's scala-library version: 3.3.6
2025.09.09 15:22:02 WARN  no build target for: C:\Users\gabri\.aGITProgrammering\chisel-lab\lab2\build.sbt
2025.09.09 15:22:06 INFO  no build target found for C:\Users\gabri\.aGITProgrammering\chisel-lab\lab2\build.sbt. Using presentation compiler with project's scala-library version: 3.3.6
2025.09.09 15:30:38 INFO  no build target found for C:\Users\gabri\.aGITProgrammering\chisel-lab\lab2\build.sbt. Using presentation compiler with project's scala-library version: 3.3.6
2025.09.09 15:30:44 INFO  no build target found for C:\Users\gabri\.aGITProgrammering\chisel-lab\lab2\build.sbt. Using presentation compiler with project's scala-library version: 3.3.6
2025.09.09 15:30:47 INFO  no build target found for C:\Users\gabri\.aGITProgrammering\chisel-lab\lab2\build.sbt. Using presentation compiler with project's scala-library version: 3.3.6
2025.09.09 15:30:47 INFO  no build target found for C:\Users\gabri\.aGITProgrammering\chisel-lab\lab2\build.sbt. Using presentation compiler with project's scala-library version: 3.3.6
2025.09.09 15:30:48 INFO  no build target found for C:\Users\gabri\.aGITProgrammering\chisel-lab\lab2\build.sbt. Using presentation compiler with project's scala-library version: 3.3.6
2025.09.09 15:30:51 INFO  no build target found for C:\Users\gabri\.aGITProgrammering\chisel-lab\lab2\src\main\scala\AddSub.scala. Using presentation compiler with project's scala-library version: 3.3.6
2025.09.09 15:30:51 INFO  no build target found for C:\Users\gabri\.aGITProgrammering\chisel-lab\lab2\src\main\scala\AddSub.scala. Using presentation compiler with project's scala-library version: 3.3.6
2025.09.09 15:30:52 INFO  no build target found for C:\Users\gabri\.aGITProgrammering\chisel-lab\lab2\src\main\scala\AddSub.scala. Using presentation compiler with project's scala-library version: 3.3.6
2025.09.09 15:30:52 INFO  no build target found for C:\Users\gabri\.aGITProgrammering\chisel-lab\lab2\src\main\scala\AddSub.scala. Using presentation compiler with project's scala-library version: 3.3.6
2025.09.09 15:31:24 WARN  no build target for: C:\Users\gabri\.aGITProgrammering\chisel-lab\lab2\build.sbt
2025.09.09 15:31:24 INFO  no build target found for C:\Users\gabri\.aGITProgrammering\chisel-lab\lab2\build.sbt. Using presentation compiler with project's scala-library version: 3.3.6
2025.09.09 15:31:24 INFO  no build target found for C:\Users\gabri\.aGITProgrammering\chisel-lab\lab2\build.sbt. Using presentation compiler with project's scala-library version: 3.3.6
2025.09.09 15:31:24 INFO  no build target found for C:\Users\gabri\.aGITProgrammering\chisel-lab\lab2\build.sbt. Using presentation compiler with project's scala-library version: 3.3.6
2025.09.09 15:31:25 WARN  no build target for: C:\Users\gabri\.aGITProgrammering\chisel-lab\lab2\src\main\scala\AddSub.scala
2025.09.09 15:31:24 INFO  no build target found for C:\Users\gabri\.aGITProgrammering\chisel-lab\lab2\src\main\scala\AddSub.scala. Using presentation compiler with project's scala-library version: 3.3.6
2025.09.09 15:31:25 INFO  no build target found for C:\Users\gabri\.aGITProgrammering\chisel-lab\lab2\src\main\scala\AddSub.scala. Using presentation compiler with project's scala-library version: 3.3.6
2025.09.09 15:31:24 INFO  no build target found for C:\Users\gabri\.aGITProgrammering\chisel-lab\lab2\src\main\scala\AddSub.scala. Using presentation compiler with project's scala-library version: 3.3.6
2025.09.09 15:31:24 INFO  no build target found for C:\Users\gabri\.aGITProgrammering\chisel-lab\lab2\src\main\scala\AddSub.scala. Using presentation compiler with project's scala-library version: 3.3.6
2025.09.09 15:31:26 INFO  no build target found for C:\Users\gabri\.aGITProgrammering\chisel-lab\lab2\src\main\scala\AddSub.scala. Using presentation compiler with project's scala-library version: 3.3.6
2025.09.09 15:31:27 INFO  no build target found for C:\Users\gabri\.aGITProgrammering\chisel-lab\lab2\build.sbt. Using presentation compiler with project's scala-library version: 3.3.6
2025.09.09 15:31:29 INFO  no build target found for C:\Users\gabri\.aGITProgrammering\chisel-lab\lab2\src\test\scala\AddSubSpec.scala. Using presentation compiler with project's scala-library version: 3.3.6
2025.09.09 15:31:29 INFO  no build target found for C:\Users\gabri\.aGITProgrammering\chisel-lab\lab2\src\test\scala\AddSubSpec.scala. Using presentation compiler with project's scala-library version: 3.3.6
2025.09.09 15:31:29 INFO  no build target found for C:\Users\gabri\.aGITProgrammering\chisel-lab\lab2\src\test\scala\AddSubSpec.scala. Using presentation compiler with project's scala-library version: 3.3.6
2025.09.09 15:31:31 WARN  no build target for: C:\Users\gabri\.aGITProgrammering\chisel-lab\lab2\src\main\scala\AddSub.scala
2025.09.09 15:31:31 INFO  no build target found for C:\Users\gabri\.aGITProgrammering\chisel-lab\lab2\src\main\scala\AddSub.scala. Using presentation compiler with project's scala-library version: 3.3.6
2025.09.09 15:31:31 INFO  no build target found for C:\Users\gabri\.aGITProgrammering\chisel-lab\lab2\src\main\scala\AddSub.scala. Using presentation compiler with project's scala-library version: 3.3.6
2025.09.09 15:31:31 INFO  no build target found for C:\Users\gabri\.aGITProgrammering\chisel-lab\lab2\src\main\scala\AddSub.scala. Using presentation compiler with project's scala-library version: 3.3.6
2025.09.09 15:31:31 INFO  no build target found for C:\Users\gabri\.aGITProgrammering\chisel-lab\lab2\src\main\scala\AddSub.scala. Using presentation compiler with project's scala-library version: 3.3.6
2025.09.09 15:31:32 INFO  no build target found for C:\Users\gabri\.aGITProgrammering\chisel-lab\lab2\src\main\scala\AddSub.scala. Using presentation compiler with project's scala-library version: 3.3.6
2025.09.09 15:31:32 INFO  no build target found for C:\Users\gabri\.aGITProgrammering\chisel-lab\lab2\src\main\scala\AddSub.scala. Using presentation compiler with project's scala-library version: 3.3.6
2025.09.09 15:31:32 INFO  no build target found for C:\Users\gabri\.aGITProgrammering\chisel-lab\lab2\src\main\scala\AddSub.scala. Using presentation compiler with project's scala-library version: 3.3.6
2025.09.09 15:31:34 INFO  no build target found for C:\Users\gabri\.aGITProgrammering\chisel-lab\lab2\src\main\scala\AddSub.scala. Using presentation compiler with project's scala-library version: 3.3.6
2025.09.09 15:44:57 INFO  Started: Metals version 1.6.2 in folders 'C:\Users\gabri\.aGITProgrammering\chisel-lab' for client Visual Studio Code 1.103.2.
2025.09.09 15:45:03 INFO  no build target found for C:\Users\gabri\.aGITProgrammering\chisel-lab\lab2\src\test\scala\AddSubSpec.scala. Using presentation compiler with project's scala-library version: 3.3.6
2025.09.09 15:45:28 WARN  no build target for: C:\Users\gabri\.aGITProgrammering\chisel-lab\lab2\src\main\scala\AddSub.scala
2025.09.09 15:45:28 INFO  no build target found for C:\Users\gabri\.aGITProgrammering\chisel-lab\lab2\src\main\scala\AddSub.scala. Using presentation compiler with project's scala-library version: 3.3.6
2025.09.09 15:45:28 INFO  no build target found for C:\Users\gabri\.aGITProgrammering\chisel-lab\lab2\src\main\scala\AddSub.scala. Using presentation compiler with project's scala-library version: 3.3.6
sep. 09, 2025 3:45:29 PM org.eclipse.lsp4j.jsonrpc.RemoteEndpoint handleCancellation
WARNING: Unmatched cancel notification for request id 8
2025.09.09 15:45:28 INFO  no build target found for C:\Users\gabri\.aGITProgrammering\chisel-lab\lab2\src\main\scala\AddSub.scala. Using presentation compiler with project's scala-library version: 3.3.6
2025.09.09 15:46:01 INFO  no build target found for C:\Users\gabri\.aGITProgrammering\chisel-lab\lab2\src\main\scala\Majority.scala. Using presentation compiler with project's scala-library version: 3.3.6
2025.09.09 15:46:01 INFO  no build target found for C:\Users\gabri\.aGITProgrammering\chisel-lab\lab2\src\main\scala\Majority.scala. Using presentation compiler with project's scala-library version: 3.3.6
2025.09.09 15:46:02 INFO  no build target found for C:\Users\gabri\.aGITProgrammering\chisel-lab\lab2\src\main\scala\Majority.scala. Using presentation compiler with project's scala-library version: 3.3.6
2025.09.09 15:46:02 INFO  no build target found for C:\Users\gabri\.aGITProgrammering\chisel-lab\lab2\src\main\scala\Majority.scala. Using presentation compiler with project's scala-library version: 3.3.6
2025.09.09 15:46:04 INFO  no build target found for C:\Users\gabri\.aGITProgrammering\chisel-lab\lab2\src\main\scala\Majority.scala. Using presentation compiler with project's scala-library version: 3.3.6
2025.09.09 15:46:04 INFO  no build target found for C:\Users\gabri\.aGITProgrammering\chisel-lab\lab2\src\main\scala\Majority.scala. Using presentation compiler with project's scala-library version: 3.3.6
2025.09.09 15:46:04 INFO  no build target found for C:\Users\gabri\.aGITProgrammering\chisel-lab\lab2\src\main\scala\Majority.scala. Using presentation compiler with project's scala-library version: 3.3.6
2025.09.09 15:46:04 INFO  no build target found for C:\Users\gabri\.aGITProgrammering\chisel-lab\lab2\src\main\scala\Majority.scala. Using presentation compiler with project's scala-library version: 3.3.6
2025.09.09 15:46:05 INFO  no build target found for C:\Users\gabri\.aGITProgrammering\chisel-lab\lab2\src\main\scala\Majority.scala. Using presentation compiler with project's scala-library version: 3.3.6
2025.09.09 15:46:05 INFO  no build target found for C:\Users\gabri\.aGITProgrammering\chisel-lab\lab2\src\main\scala\Majority.scala. Using presentation compiler with project's scala-library version: 3.3.6
2025.09.09 15:46:05 INFO  no build target found for C:\Users\gabri\.aGITProgrammering\chisel-lab\lab2\src\main\scala\Majority.scala. Using presentation compiler with project's scala-library version: 3.3.6
2025.09.09 15:46:05 INFO  no build target found for C:\Users\gabri\.aGITProgrammering\chisel-lab\lab2\src\main\scala\Majority.scala. Using presentation compiler with project's scala-library version: 3.3.6
2025.09.09 15:46:06 INFO  no build target found for C:\Users\gabri\.aGITProgrammering\chisel-lab\lab2\src\main\scala\Majority.scala. Using presentation compiler with project's scala-library version: 3.3.6
2025.09.09 15:46:06 INFO  no build target found for C:\Users\gabri\.aGITProgrammering\chisel-lab\lab2\src\main\scala\Majority.scala. Using presentation compiler with project's scala-library version: 3.3.6
2025.09.09 15:46:07 INFO  no build target found for C:\Users\gabri\.aGITProgrammering\chisel-lab\lab2\src\main\scala\Majority.scala. Using presentation compiler with project's scala-library version: 3.3.6
2025.09.09 15:46:07 INFO  no build target found for C:\Users\gabri\.aGITProgrammering\chisel-lab\lab2\src\main\scala\Majority.scala. Using presentation compiler with project's scala-library version: 3.3.6
2025.09.09 15:46:07 INFO  no build target found for C:\Users\gabri\.aGITProgrammering\chisel-lab\lab2\src\main\scala\Majority.scala. Using presentation compiler with project's scala-library version: 3.3.6
2025.09.09 15:46:07 INFO  no build target found for C:\Users\gabri\.aGITProgrammering\chisel-lab\lab2\src\main\scala\Majority.scala. Using presentation compiler with project's scala-library version: 3.3.6
2025.09.09 15:46:08 INFO  no build target found for C:\Users\gabri\.aGITProgrammering\chisel-lab\lab2\src\main\scala\Majority.scala. Using presentation compiler with project's scala-library version: 3.3.6
2025.09.09 15:46:09 INFO  no build target found for C:\Users\gabri\.aGITProgrammering\chisel-lab\lab2\src\main\scala\Majority.scala. Using presentation compiler with project's scala-library version: 3.3.6
2025.09.09 15:46:09 INFO  no build target found for C:\Users\gabri\.aGITProgrammering\chisel-lab\lab2\src\main\scala\Majority.scala. Using presentation compiler with project's scala-library version: 3.3.6
2025.09.09 15:46:09 INFO  no build target found for C:\Users\gabri\.aGITProgrammering\chisel-lab\lab2\src\main\scala\Majority.scala. Using presentation compiler with project's scala-library version: 3.3.6
2025.09.09 15:46:09 INFO  no build target found for C:\Users\gabri\.aGITProgrammering\chisel-lab\lab2\src\main\scala\Majority.scala. Using presentation compiler with project's scala-library version: 3.3.6
2025.09.09 15:46:11 INFO  no build target found for C:\Users\gabri\.aGITProgrammering\chisel-lab\lab2\src\main\scala\Majority.scala. Using presentation compiler with project's scala-library version: 3.3.6
2025.09.09 15:46:11 INFO  no build target found for C:\Users\gabri\.aGITProgrammering\chisel-lab\lab2\src\main\scala\Majority.scala. Using presentation compiler with project's scala-library version: 3.3.6
2025.09.09 15:46:11 INFO  no build target found for C:\Users\gabri\.aGITProgrammering\chisel-lab\lab2\src\main\scala\Majority.scala. Using presentation compiler with project's scala-library version: 3.3.6
2025.09.09 15:46:13 INFO  no build target found for C:\Users\gabri\.aGITProgrammering\chisel-lab\lab2\src\main\scala\Majority.scala. Using presentation compiler with project's scala-library version: 3.3.6
2025.09.09 15:46:13 INFO  no build target found for C:\Users\gabri\.aGITProgrammering\chisel-lab\lab2\src\main\scala\Majority.scala. Using presentation compiler with project's scala-library version: 3.3.6
2025.09.09 15:46:14 INFO  no build target found for C:\Users\gabri\.aGITProgrammering\chisel-lab\lab2\src\main\scala\Majority.scala. Using presentation compiler with project's scala-library version: 3.3.6
2025.09.09 15:46:36 INFO  no build target found for C:\Users\gabri\.aGITProgrammering\chisel-lab\lab2\src\main\scala\Majority.scala. Using presentation compiler with project's scala-library version: 3.3.6
2025.09.09 15:46:36 INFO  no build target found for C:\Users\gabri\.aGITProgrammering\chisel-lab\lab2\src\main\scala\Majority.scala. Using presentation compiler with project's scala-library version: 3.3.6
2025.09.09 15:46:36 INFO  no build target found for C:\Users\gabri\.aGITProgrammering\chisel-lab\lab2\src\main\scala\Majority.scala. Using presentation compiler with project's scala-library version: 3.3.6
sep. 09, 2025 3:46:37 PM org.eclipse.lsp4j.jsonrpc.RemoteEndpoint handleCancellation
WARNING: Unmatched cancel notification for request id 52
2025.09.09 15:46:36 INFO  no build target found for C:\Users\gabri\.aGITProgrammering\chisel-lab\lab2\src\main\scala\Majority.scala. Using presentation compiler with project's scala-library version: 3.3.6
2025.09.09 15:46:36 INFO  no build target found for C:\Users\gabri\.aGITProgrammering\chisel-lab\lab2\src\main\scala\Majority.scala. Using presentation compiler with project's scala-library version: 3.3.6
2025.09.09 15:46:37 INFO  no build target found for C:\Users\gabri\.aGITProgrammering\chisel-lab\lab2\src\main\scala\Majority.scala. Using presentation compiler with project's scala-library version: 3.3.6
2025.09.09 15:46:37 INFO  no build target found for C:\Users\gabri\.aGITProgrammering\chisel-lab\lab2\src\main\scala\Majority.scala. Using presentation compiler with project's scala-library version: 3.3.6
2025.09.09 15:47:00 INFO  no build target found for C:\Users\gabri\.aGITProgrammering\chisel-lab\lab2\src\main\scala\Majority.scala. Using presentation compiler with project's scala-library version: 3.3.6
2025.09.09 15:47:00 INFO  no build target found for C:\Users\gabri\.aGITProgrammering\chisel-lab\lab2\src\test\scala\MajoritySpec.scala. Using presentation compiler with project's scala-library version: 3.3.6
2025.09.09 15:47:01 INFO  no build target found for C:\Users\gabri\.aGITProgrammering\chisel-lab\lab2\src\test\scala\MajoritySpec.scala. Using presentation compiler with project's scala-library version: 3.3.6
2025.09.09 15:47:03 INFO  no build target found for C:\Users\gabri\.aGITProgrammering\chisel-lab\lab2\src\test\scala\MajoritySpec.scala. Using presentation compiler with project's scala-library version: 3.3.6
2025.09.09 15:47:03 INFO  no build target found for C:\Users\gabri\.aGITProgrammering\chisel-lab\lab2\src\main\scala\Majority.scala. Using presentation compiler with project's scala-library version: 3.3.6
2025.09.09 15:47:03 INFO  no build target found for C:\Users\gabri\.aGITProgrammering\chisel-lab\lab2\src\main\scala\Majority.scala. Using presentation compiler with project's scala-library version: 3.3.6
2025.09.09 15:47:03 INFO  no build target found for C:\Users\gabri\.aGITProgrammering\chisel-lab\lab2\src\main\scala\Majority.scala. Using presentation compiler with project's scala-library version: 3.3.6
2025.09.09 15:47:03 INFO  no build target found for C:\Users\gabri\.aGITProgrammering\chisel-lab\lab2\src\main\scala\Majority.scala. Using presentation compiler with project's scala-library version: 3.3.6
2025.09.09 15:47:04 INFO  no build target found for C:\Users\gabri\.aGITProgrammering\chisel-lab\lab2\src\main\scala\Majority.scala. Using presentation compiler with project's scala-library version: 3.3.6
2025.09.09 15:47:04 INFO  no build target found for C:\Users\gabri\.aGITProgrammering\chisel-lab\lab2\src\main\scala\Majority.scala. Using presentation compiler with project's scala-library version: 3.3.6
2025.09.09 15:47:06 INFO  no build target found for C:\Users\gabri\.aGITProgrammering\chisel-lab\lab2\src\main\scala\Majority.scala. Using presentation compiler with project's scala-library version: 3.3.6
2025.09.09 15:47:08 INFO  no build target found for C:\Users\gabri\.aGITProgrammering\chisel-lab\lab2\src\main\scala\Majority.scala. Using presentation compiler with project's scala-library version: 3.3.6
2025.09.09 15:47:09 INFO  no build target found for C:\Users\gabri\.aGITProgrammering\chisel-lab\lab2\src\main\scala\Majority.scala. Using presentation compiler with project's scala-library version: 3.3.6
2025.09.09 15:47:09 INFO  no build target found for C:\Users\gabri\.aGITProgrammering\chisel-lab\lab2\src\main\scala\Majority.scala. Using presentation compiler with project's scala-library version: 3.3.6
2025.09.09 15:47:10 INFO  no build target found for C:\Users\gabri\.aGITProgrammering\chisel-lab\lab2\src\main\scala\Majority.scala. Using presentation compiler with project's scala-library version: 3.3.6
2025.09.09 15:47:10 INFO  no build target found for C:\Users\gabri\.aGITProgrammering\chisel-lab\lab2\src\main\scala\Majority.scala. Using presentation compiler with project's scala-library version: 3.3.6
2025.09.09 15:47:13 INFO  no build target found for C:\Users\gabri\.aGITProgrammering\chisel-lab\lab2\src\main\scala\Majority.scala. Using presentation compiler with project's scala-library version: 3.3.6
2025.09.09 15:47:13 INFO  no build target found for C:\Users\gabri\.aGITProgrammering\chisel-lab\lab2\src\main\scala\Decoder.scala. Using presentation compiler with project's scala-library version: 3.3.6
2025.09.09 15:47:13 INFO  no build target found for C:\Users\gabri\.aGITProgrammering\chisel-lab\lab2\src\main\scala\Decoder.scala. Using presentation compiler with project's scala-library version: 3.3.6
2025.09.09 15:47:14 INFO  no build target found for C:\Users\gabri\.aGITProgrammering\chisel-lab\lab2\src\main\scala\Decoder.scala. Using presentation compiler with project's scala-library version: 3.3.6
2025.09.09 15:47:14 INFO  no build target found for C:\Users\gabri\.aGITProgrammering\chisel-lab\lab2\src\main\scala\Majority.scala. Using presentation compiler with project's scala-library version: 3.3.6
2025.09.09 15:47:14 INFO  no build target found for C:\Users\gabri\.aGITProgrammering\chisel-lab\lab2\src\main\scala\Majority.scala. Using presentation compiler with project's scala-library version: 3.3.6
2025.09.09 15:47:15 INFO  no build target found for C:\Users\gabri\.aGITProgrammering\chisel-lab\lab2\src\main\scala\Majority.scala. Using presentation compiler with project's scala-library version: 3.3.6
2025.09.09 15:47:14 INFO  no build target found for C:\Users\gabri\.aGITProgrammering\chisel-lab\lab2\src\main\scala\Majority.scala. Using presentation compiler with project's scala-library version: 3.3.6
2025.09.09 15:47:21 INFO  no build target found for C:\Users\gabri\.aGITProgrammering\chisel-lab\lab2\src\main\scala\Majority.scala. Using presentation compiler with project's scala-library version: 3.3.6
2025.09.09 15:51:04 WARN  no build target for: C:\Users\gabri\.aGITProgrammering\chisel-lab\lab2\src\main\scala\AddSub.scala
2025.09.09 15:51:04 INFO  no build target found for C:\Users\gabri\.aGITProgrammering\chisel-lab\lab2\src\main\scala\AddSub.scala. Using presentation compiler with project's scala-library version: 3.3.6
2025.09.09 15:51:05 INFO  no build target found for C:\Users\gabri\.aGITProgrammering\chisel-lab\lab2\src\main\scala\AddSub.scala. Using presentation compiler with project's scala-library version: 3.3.6
2025.09.09 15:51:04 INFO  no build target found for C:\Users\gabri\.aGITProgrammering\chisel-lab\lab2\src\main\scala\AddSub.scala. Using presentation compiler with project's scala-library version: 3.3.6
2025.09.09 15:51:06 INFO  no build target found for C:\Users\gabri\.aGITProgrammering\chisel-lab\lab2\src\main\scala\Majority.scala. Using presentation compiler with project's scala-library version: 3.3.6
2025.09.09 15:51:06 INFO  no build target found for C:\Users\gabri\.aGITProgrammering\chisel-lab\lab2\src\main\scala\Majority.scala. Using presentation compiler with project's scala-library version: 3.3.6
2025.09.09 15:51:07 INFO  no build target found for C:\Users\gabri\.aGITProgrammering\chisel-lab\lab2\src\main\scala\AddSub.scala. Using presentation compiler with project's scala-library version: 3.3.6
2025.09.09 15:51:08 WARN  no build target for: C:\Users\gabri\.aGITProgrammering\chisel-lab\lab2\src\test\scala\AddSubSpec.scala
2025.09.09 15:51:07 INFO  no build target found for C:\Users\gabri\.aGITProgrammering\chisel-lab\lab2\src\test\scala\AddSubSpec.scala. Using presentation compiler with project's scala-library version: 3.3.6
2025.09.09 15:51:08 INFO  no build target found for C:\Users\gabri\.aGITProgrammering\chisel-lab\lab2\src\test\scala\AddSubSpec.scala. Using presentation compiler with project's scala-library version: 3.3.6
2025.09.09 15:51:08 INFO  no build target found for C:\Users\gabri\.aGITProgrammering\chisel-lab\lab2\src\test\scala\MajoritySpec.scala. Using presentation compiler with project's scala-library version: 3.3.6
2025.09.09 15:51:12 INFO  no build target found for C:\Users\gabri\.aGITProgrammering\chisel-lab\lab2\src\test\scala\AddSubSpec.scala. Using presentation compiler with project's scala-library version: 3.3.6
2025.09.09 15:52:18 WARN  no build target for: C:\Users\gabri\.aGITProgrammering\chisel-lab\lab2\src\main\scala\Majority.scala
2025.09.09 15:52:18 INFO  no build target found for C:\Users\gabri\.aGITProgrammering\chisel-lab\lab2\src\main\scala\Majority.scala. Using presentation compiler with project's scala-library version: 3.3.6
2025.09.09 15:52:18 INFO  no build target found for C:\Users\gabri\.aGITProgrammering\chisel-lab\lab2\src\main\scala\Majority.scala. Using presentation compiler with project's scala-library version: 3.3.6
2025.09.09 15:52:18 INFO  no build target found for C:\Users\gabri\.aGITProgrammering\chisel-lab\lab2\src\main\scala\Majority.scala. Using presentation compiler with project's scala-library version: 3.3.6
2025.09.09 15:52:19 INFO  no build target found for C:\Users\gabri\.aGITProgrammering\chisel-lab\lab2\src\main\scala\Majority.scala. Using presentation compiler with project's scala-library version: 3.3.6
2025.09.09 15:52:20 INFO  no build target found for C:\Users\gabri\.aGITProgrammering\chisel-lab\lab2\src\main\scala\Majority.scala. Using presentation compiler with project's scala-library version: 3.3.6
2025.09.09 15:52:20 INFO  no build target found for C:\Users\gabri\.aGITProgrammering\chisel-lab\lab2\src\main\scala\Majority.scala. Using presentation compiler with project's scala-library version: 3.3.6
2025.09.09 15:52:20 INFO  no build target found for C:\Users\gabri\.aGITProgrammering\chisel-lab\lab2\src\main\scala\Majority.scala. Using presentation compiler with project's scala-library version: 3.3.6
2025.09.09 15:52:22 INFO  no build target found for C:\Users\gabri\.aGITProgrammering\chisel-lab\lab2\src\main\scala\Majority.scala. Using presentation compiler with project's scala-library version: 3.3.6
2025.09.09 15:52:22 INFO  no build target found for C:\Users\gabri\.aGITProgrammering\chisel-lab\lab2\src\main\scala\Majority.scala. Using presentation compiler with project's scala-library version: 3.3.6
2025.09.09 15:52:22 INFO  no build target found for C:\Users\gabri\.aGITProgrammering\chisel-lab\lab2\src\main\scala\Majority.scala. Using presentation compiler with project's scala-library version: 3.3.6
2025.09.09 15:52:24 INFO  no build target found for C:\Users\gabri\.aGITProgrammering\chisel-lab\lab2\src\main\scala\Majority.scala. Using presentation compiler with project's scala-library version: 3.3.6
2025.09.09 15:52:24 INFO  no build target found for C:\Users\gabri\.aGITProgrammering\chisel-lab\lab2\src\main\scala\Majority.scala. Using presentation compiler with project's scala-library version: 3.3.6
2025.09.09 15:52:25 INFO  no build target found for C:\Users\gabri\.aGITProgrammering\chisel-lab\lab2\src\main\scala\Majority.scala. Using presentation compiler with project's scala-library version: 3.3.6
2025.09.09 15:52:25 INFO  no build target found for C:\Users\gabri\.aGITProgrammering\chisel-lab\lab2\src\main\scala\Majority.scala. Using presentation compiler with project's scala-library version: 3.3.6
2025.09.09 15:52:28 INFO  no build target found for C:\Users\gabri\.aGITProgrammering\chisel-lab\lab2\src\main\scala\Majority.scala. Using presentation compiler with project's scala-library version: 3.3.6
2025.09.09 15:52:28 INFO  no build target found for C:\Users\gabri\.aGITProgrammering\chisel-lab\lab2\src\main\scala\Majority.scala. Using presentation compiler with project's scala-library version: 3.3.6
2025.09.09 15:52:28 INFO  no build target found for C:\Users\gabri\.aGITProgrammering\chisel-lab\lab2\src\main\scala\Majority.scala. Using presentation compiler with project's scala-library version: 3.3.6
2025.09.09 15:52:28 INFO  no build target found for C:\Users\gabri\.aGITProgrammering\chisel-lab\lab2\src\main\scala\Majority.scala. Using presentation compiler with project's scala-library version: 3.3.6
2025.09.09 15:52:28 INFO  no build target found for C:\Users\gabri\.aGITProgrammering\chisel-lab\lab2\src\main\scala\Majority.scala. Using presentation compiler with project's scala-library version: 3.3.6
2025.09.09 15:52:28 INFO  no build target found for C:\Users\gabri\.aGITProgrammering\chisel-lab\lab2\src\main\scala\Majority.scala. Using presentation compiler with project's scala-library version: 3.3.6
2025.09.09 15:52:30 INFO  no build target found for C:\Users\gabri\.aGITProgrammering\chisel-lab\lab2\src\main\scala\Majority.scala. Using presentation compiler with project's scala-library version: 3.3.6
2025.09.09 15:52:30 INFO  no build target found for C:\Users\gabri\.aGITProgrammering\chisel-lab\lab2\src\main\scala\Majority.scala. Using presentation compiler with project's scala-library version: 3.3.6
2025.09.09 15:52:30 INFO  no build target found for C:\Users\gabri\.aGITProgrammering\chisel-lab\lab2\src\main\scala\Majority.scala. Using presentation compiler with project's scala-library version: 3.3.6
2025.09.09 15:52:30 INFO  no build target found for C:\Users\gabri\.aGITProgrammering\chisel-lab\lab2\src\main\scala\Majority.scala. Using presentation compiler with project's scala-library version: 3.3.6
2025.09.09 15:52:31 INFO  no build target found for C:\Users\gabri\.aGITProgrammering\chisel-lab\lab2\src\main\scala\Majority.scala. Using presentation compiler with project's scala-library version: 3.3.6
2025.09.09 15:53:06 INFO  no build target found for C:\Users\gabri\.aGITProgrammering\chisel-lab\lab2\src\main\scala\Majority.scala. Using presentation compiler with project's scala-library version: 3.3.6
2025.09.09 15:53:06 INFO  no build target found for C:\Users\gabri\.aGITProgrammering\chisel-lab\lab2\src\main\scala\Majority.scala. Using presentation compiler with project's scala-library version: 3.3.6
2025.09.09 15:53:06 INFO  no build target found for C:\Users\gabri\.aGITProgrammering\chisel-lab\lab2\src\main\scala\Majority.scala. Using presentation compiler with project's scala-library version: 3.3.6
2025.09.09 15:53:07 INFO  no build target found for C:\Users\gabri\.aGITProgrammering\chisel-lab\lab2\src\main\scala\Majority.scala. Using presentation compiler with project's scala-library version: 3.3.6
2025.09.09 15:53:06 INFO  no build target found for C:\Users\gabri\.aGITProgrammering\chisel-lab\lab2\src\main\scala\Majority.scala. Using presentation compiler with project's scala-library version: 3.3.6
2025.09.09 15:53:06 INFO  no build target found for C:\Users\gabri\.aGITProgrammering\chisel-lab\lab2\src\main\scala\Majority.scala. Using presentation compiler with project's scala-library version: 3.3.6
2025.09.09 15:53:07 INFO  no build target found for C:\Users\gabri\.aGITProgrammering\chisel-lab\lab2\src\main\scala\Majority.scala. Using presentation compiler with project's scala-library version: 3.3.6
2025.09.09 15:53:06 INFO  no build target found for C:\Users\gabri\.aGITProgrammering\chisel-lab\lab2\src\main\scala\Majority.scala. Using presentation compiler with project's scala-library version: 3.3.6
2025.09.09 15:53:07 INFO  no build target found for C:\Users\gabri\.aGITProgrammering\chisel-lab\lab2\src\main\scala\Majority.scala. Using presentation compiler with project's scala-library version: 3.3.6
sep. 09, 2025 3:53:07 PM org.eclipse.lsp4j.jsonrpc.RemoteEndpoint handleCancellation
WARNING: Unmatched cancel notification for request id 200
2025.09.09 15:53:07 INFO  no build target found for C:\Users\gabri\.aGITProgrammering\chisel-lab\lab2\src\main\scala\Majority.scala. Using presentation compiler with project's scala-library version: 3.3.6
2025.09.09 15:53:07 INFO  no build target found for C:\Users\gabri\.aGITProgrammering\chisel-lab\lab2\src\main\scala\Majority.scala. Using presentation compiler with project's scala-library version: 3.3.6
2025.09.09 15:53:07 INFO  no build target found for C:\Users\gabri\.aGITProgrammering\chisel-lab\lab2\src\main\scala\Majority.scala. Using presentation compiler with project's scala-library version: 3.3.6
2025.09.09 15:53:07 INFO  no build target found for C:\Users\gabri\.aGITProgrammering\chisel-lab\lab2\src\main\scala\Majority.scala. Using presentation compiler with project's scala-library version: 3.3.6
2025.09.09 15:53:07 INFO  no build target found for C:\Users\gabri\.aGITProgrammering\chisel-lab\lab2\src\main\scala\Majority.scala. Using presentation compiler with project's scala-library version: 3.3.6
2025.09.09 15:53:07 INFO  no build target found for C:\Users\gabri\.aGITProgrammering\chisel-lab\lab2\src\main\scala\Majority.scala. Using presentation compiler with project's scala-library version: 3.3.6
2025.09.09 15:53:07 INFO  no build target found for C:\Users\gabri\.aGITProgrammering\chisel-lab\lab2\src\main\scala\Majority.scala. Using presentation compiler with project's scala-library version: 3.3.6
2025.09.09 15:53:12 INFO  no build target found for C:\Users\gabri\.aGITProgrammering\chisel-lab\lab2\src\main\scala\Majority.scala. Using presentation compiler with project's scala-library version: 3.3.6
2025.09.09 15:53:12 INFO  no build target found for C:\Users\gabri\.aGITProgrammering\chisel-lab\lab2\src\main\scala\Majority.scala. Using presentation compiler with project's scala-library version: 3.3.6
2025.09.09 15:53:12 INFO  no build target found for C:\Users\gabri\.aGITProgrammering\chisel-lab\lab2\src\main\scala\Majority.scala. Using presentation compiler with project's scala-library version: 3.3.6
2025.09.09 15:53:12 INFO  no build target found for C:\Users\gabri\.aGITProgrammering\chisel-lab\lab2\src\main\scala\Majority.scala. Using presentation compiler with project's scala-library version: 3.3.6
2025.09.09 15:53:12 INFO  no build target found for C:\Users\gabri\.aGITProgrammering\chisel-lab\lab2\src\main\scala\Majority.scala. Using presentation compiler with project's scala-library version: 3.3.6
2025.09.09 15:53:12 INFO  no build target found for C:\Users\gabri\.aGITProgrammering\chisel-lab\lab2\src\main\scala\Majority.scala. Using presentation compiler with project's scala-library version: 3.3.6
2025.09.09 15:53:12 INFO  no build target found for C:\Users\gabri\.aGITProgrammering\chisel-lab\lab2\src\main\scala\Majority.scala. Using presentation compiler with project's scala-library version: 3.3.6
2025.09.09 15:53:14 INFO  no build target found for C:\Users\gabri\.aGITProgrammering\chisel-lab\lab2\src\main\scala\Majority.scala. Using presentation compiler with project's scala-library version: 3.3.6
2025.09.09 15:53:14 INFO  no build target found for C:\Users\gabri\.aGITProgrammering\chisel-lab\lab2\src\main\scala\Majority.scala. Using presentation compiler with project's scala-library version: 3.3.6
2025.09.09 15:53:14 INFO  no build target found for C:\Users\gabri\.aGITProgrammering\chisel-lab\lab2\src\main\scala\Majority.scala. Using presentation compiler with project's scala-library version: 3.3.6
2025.09.09 15:53:15 INFO  no build target found for C:\Users\gabri\.aGITProgrammering\chisel-lab\lab2\src\main\scala\Majority.scala. Using presentation compiler with project's scala-library version: 3.3.6
2025.09.09 15:53:15 INFO  no build target found for C:\Users\gabri\.aGITProgrammering\chisel-lab\lab2\src\main\scala\Majority.scala. Using presentation compiler with project's scala-library version: 3.3.6
2025.09.09 15:53:15 INFO  no build target found for C:\Users\gabri\.aGITProgrammering\chisel-lab\lab2\src\main\scala\Majority.scala. Using presentation compiler with project's scala-library version: 3.3.6
2025.09.09 15:53:15 INFO  no build target found for C:\Users\gabri\.aGITProgrammering\chisel-lab\lab2\src\main\scala\Majority.scala. Using presentation compiler with project's scala-library version: 3.3.6
2025.09.09 15:53:18 INFO  no build target found for C:\Users\gabri\.aGITProgrammering\chisel-lab\lab2\src\main\scala\Majority.scala. Using presentation compiler with project's scala-library version: 3.3.6
2025.09.09 15:53:25 INFO  no build target found for C:\Users\gabri\.aGITProgrammering\chisel-lab\lab2\src\main\scala\Majority.scala. Using presentation compiler with project's scala-library version: 3.3.6
2025.09.09 15:53:25 INFO  no build target found for C:\Users\gabri\.aGITProgrammering\chisel-lab\lab2\src\main\scala\Majority.scala. Using presentation compiler with project's scala-library version: 3.3.6
2025.09.09 15:53:25 INFO  no build target found for C:\Users\gabri\.aGITProgrammering\chisel-lab\lab2\src\main\scala\Majority.scala. Using presentation compiler with project's scala-library version: 3.3.6
2025.09.09 15:53:25 INFO  no build target found for C:\Users\gabri\.aGITProgrammering\chisel-lab\lab2\src\main\scala\Majority.scala. Using presentation compiler with project's scala-library version: 3.3.6
2025.09.09 15:53:27 INFO  no build target found for C:\Users\gabri\.aGITProgrammering\chisel-lab\lab2\src\main\scala\Majority.scala. Using presentation compiler with project's scala-library version: 3.3.6
2025.09.09 15:53:27 INFO  no build target found for C:\Users\gabri\.aGITProgrammering\chisel-lab\lab2\src\main\scala\Majority.scala. Using presentation compiler with project's scala-library version: 3.3.6
2025.09.09 15:53:27 INFO  no build target found for C:\Users\gabri\.aGITProgrammering\chisel-lab\lab2\src\main\scala\Majority.scala. Using presentation compiler with project's scala-library version: 3.3.6
2025.09.09 15:53:27 WARN  no build target for: C:\Users\gabri\.aGITProgrammering\chisel-lab\lab2\src\main\scala\Majority.scala
2025.09.09 15:53:27 INFO  no build target found for C:\Users\gabri\.aGITProgrammering\chisel-lab\lab2\src\main\scala\Majority.scala. Using presentation compiler with project's scala-library version: 3.3.6
2025.09.09 15:53:27 INFO  no build target found for C:\Users\gabri\.aGITProgrammering\chisel-lab\lab2\src\main\scala\Majority.scala. Using presentation compiler with project's scala-library version: 3.3.6
2025.09.09 15:54:13 INFO  no build target found for C:\Users\gabri\.aGITProgrammering\chisel-lab\lab2\src\main\scala\Majority.scala. Using presentation compiler with project's scala-library version: 3.3.6
2025.09.09 15:54:13 INFO  no build target found for C:\Users\gabri\.aGITProgrammering\chisel-lab\lab2\src\main\scala\Majority.scala. Using presentation compiler with project's scala-library version: 3.3.6
2025.09.09 15:54:13 INFO  no build target found for C:\Users\gabri\.aGITProgrammering\chisel-lab\lab2\src\main\scala\Majority.scala. Using presentation compiler with project's scala-library version: 3.3.6
2025.09.09 15:54:13 INFO  no build target found for C:\Users\gabri\.aGITProgrammering\chisel-lab\lab2\src\main\scala\Majority.scala. Using presentation compiler with project's scala-library version: 3.3.6
2025.09.09 15:54:13 INFO  no build target found for C:\Users\gabri\.aGITProgrammering\chisel-lab\lab2\src\main\scala\Majority.scala. Using presentation compiler with project's scala-library version: 3.3.6
2025.09.09 15:54:14 INFO  no build target found for C:\Users\gabri\.aGITProgrammering\chisel-lab\lab2\src\main\scala\Majority.scala. Using presentation compiler with project's scala-library version: 3.3.6
2025.09.09 15:54:14 INFO  no build target found for C:\Users\gabri\.aGITProgrammering\chisel-lab\lab2\src\main\scala\Majority.scala. Using presentation compiler with project's scala-library version: 3.3.6
2025.09.09 15:54:14 INFO  no build target found for C:\Users\gabri\.aGITProgrammering\chisel-lab\lab2\src\main\scala\Majority.scala. Using presentation compiler with project's scala-library version: 3.3.6
2025.09.09 15:54:18 INFO  no build target found for C:\Users\gabri\.aGITProgrammering\chisel-lab\lab2\src\main\scala\Majority.scala. Using presentation compiler with project's scala-library version: 3.3.6
2025.09.09 15:54:18 INFO  no build target found for C:\Users\gabri\.aGITProgrammering\chisel-lab\lab2\src\main\scala\Majority.scala. Using presentation compiler with project's scala-library version: 3.3.6
2025.09.09 15:54:18 INFO  no build target found for C:\Users\gabri\.aGITProgrammering\chisel-lab\lab2\src\main\scala\Majority.scala. Using presentation compiler with project's scala-library version: 3.3.6
2025.09.09 15:54:18 INFO  no build target found for C:\Users\gabri\.aGITProgrammering\chisel-lab\lab2\src\main\scala\Majority.scala. Using presentation compiler with project's scala-library version: 3.3.6
2025.09.09 15:54:18 INFO  no build target found for C:\Users\gabri\.aGITProgrammering\chisel-lab\lab2\src\main\scala\Majority.scala. Using presentation compiler with project's scala-library version: 3.3.6
2025.09.09 15:54:18 INFO  no build target found for C:\Users\gabri\.aGITProgrammering\chisel-lab\lab2\src\main\scala\Majority.scala. Using presentation compiler with project's scala-library version: 3.3.6
2025.09.09 15:54:18 INFO  no build target found for C:\Users\gabri\.aGITProgrammering\chisel-lab\lab2\src\main\scala\Majority.scala. Using presentation compiler with project's scala-library version: 3.3.6
2025.09.09 15:54:19 INFO  no build target found for C:\Users\gabri\.aGITProgrammering\chisel-lab\lab2\src\main\scala\Majority.scala. Using presentation compiler with project's scala-library version: 3.3.6
2025.09.09 15:54:19 INFO  no build target found for C:\Users\gabri\.aGITProgrammering\chisel-lab\lab2\src\main\scala\Majority.scala. Using presentation compiler with project's scala-library version: 3.3.6
2025.09.09 15:54:19 INFO  no build target found for C:\Users\gabri\.aGITProgrammering\chisel-lab\lab2\src\main\scala\Majority.scala. Using presentation compiler with project's scala-library version: 3.3.6
2025.09.09 15:54:19 INFO  no build target found for C:\Users\gabri\.aGITProgrammering\chisel-lab\lab2\src\main\scala\Majority.scala. Using presentation compiler with project's scala-library version: 3.3.6
2025.09.09 15:54:20 INFO  no build target found for C:\Users\gabri\.aGITProgrammering\chisel-lab\lab2\src\main\scala\Majority.scala. Using presentation compiler with project's scala-library version: 3.3.6
2025.09.09 15:54:23 INFO  no build target found for C:\Users\gabri\.aGITProgrammering\chisel-lab\lab2\src\main\scala\Majority.scala. Using presentation compiler with project's scala-library version: 3.3.6
2025.09.09 15:54:36 INFO  no build target found for C:\Users\gabri\.aGITProgrammering\chisel-lab\lab2\src\main\scala\Majority.scala. Using presentation compiler with project's scala-library version: 3.3.6
2025.09.09 15:54:36 INFO  no build target found for C:\Users\gabri\.aGITProgrammering\chisel-lab\lab2\src\main\scala\Majority.scala. Using presentation compiler with project's scala-library version: 3.3.6
2025.09.09 15:54:36 INFO  no build target found for C:\Users\gabri\.aGITProgrammering\chisel-lab\lab2\src\main\scala\Majority.scala. Using presentation compiler with project's scala-library version: 3.3.6
2025.09.09 15:54:36 INFO  no build target found for C:\Users\gabri\.aGITProgrammering\chisel-lab\lab2\src\main\scala\Majority.scala. Using presentation compiler with project's scala-library version: 3.3.6
2025.09.09 15:54:36 INFO  no build target found for C:\Users\gabri\.aGITProgrammering\chisel-lab\lab2\src\main\scala\Majority.scala. Using presentation compiler with project's scala-library version: 3.3.6
2025.09.09 15:54:36 INFO  no build target found for C:\Users\gabri\.aGITProgrammering\chisel-lab\lab2\src\main\scala\Majority.scala. Using presentation compiler with project's scala-library version: 3.3.6
sep. 09, 2025 3:54:37 PM org.eclipse.lsp4j.jsonrpc.RemoteEndpoint handleCancellation
WARNING: Unmatched cancel notification for request id 312
2025.09.09 15:54:37 INFO  no build target found for C:\Users\gabri\.aGITProgrammering\chisel-lab\lab2\src\main\scala\Majority.scala. Using presentation compiler with project's scala-library version: 3.3.6
2025.09.09 15:54:36 INFO  no build target found for C:\Users\gabri\.aGITProgrammering\chisel-lab\lab2\src\main\scala\Majority.scala. Using presentation compiler with project's scala-library version: 3.3.6
2025.09.09 15:54:37 INFO  no build target found for C:\Users\gabri\.aGITProgrammering\chisel-lab\lab2\src\main\scala\Majority.scala. Using presentation compiler with project's scala-library version: 3.3.6
2025.09.09 15:54:37 INFO  no build target found for C:\Users\gabri\.aGITProgrammering\chisel-lab\lab2\src\main\scala\Majority.scala. Using presentation compiler with project's scala-library version: 3.3.6
2025.09.09 15:54:37 INFO  no build target found for C:\Users\gabri\.aGITProgrammering\chisel-lab\lab2\src\main\scala\Majority.scala. Using presentation compiler with project's scala-library version: 3.3.6
2025.09.09 15:54:37 INFO  no build target found for C:\Users\gabri\.aGITProgrammering\chisel-lab\lab2\src\main\scala\Majority.scala. Using presentation compiler with project's scala-library version: 3.3.6
2025.09.09 15:54:37 INFO  no build target found for C:\Users\gabri\.aGITProgrammering\chisel-lab\lab2\src\main\scala\Majority.scala. Using presentation compiler with project's scala-library version: 3.3.6
2025.09.09 15:54:37 INFO  no build target found for C:\Users\gabri\.aGITProgrammering\chisel-lab\lab2\src\main\scala\Majority.scala. Using presentation compiler with project's scala-library version: 3.3.6
2025.09.09 15:54:37 INFO  no build target found for C:\Users\gabri\.aGITProgrammering\chisel-lab\lab2\src\main\scala\Majority.scala. Using presentation compiler with project's scala-library version: 3.3.6
2025.09.09 15:54:38 INFO  no build target found for C:\Users\gabri\.aGITProgrammering\chisel-lab\lab2\src\main\scala\Majority.scala. Using presentation compiler with project's scala-library version: 3.3.6
2025.09.09 15:54:38 INFO  no build target found for C:\Users\gabri\.aGITProgrammering\chisel-lab\lab2\src\main\scala\Majority.scala. Using presentation compiler with project's scala-library version: 3.3.6
2025.09.09 15:54:38 INFO  no build target found for C:\Users\gabri\.aGITProgrammering\chisel-lab\lab2\src\main\scala\Majority.scala. Using presentation compiler with project's scala-library version: 3.3.6
2025.09.09 15:54:38 INFO  no build target found for C:\Users\gabri\.aGITProgrammering\chisel-lab\lab2\src\main\scala\Majority.scala. Using presentation compiler with project's scala-library version: 3.3.6
2025.09.09 15:54:39 INFO  no build target found for C:\Users\gabri\.aGITProgrammering\chisel-lab\lab2\src\main\scala\Majority.scala. Using presentation compiler with project's scala-library version: 3.3.6
2025.09.09 15:54:39 WARN  no build target for: C:\Users\gabri\.aGITProgrammering\chisel-lab\lab2\src\main\scala\Majority.scala
2025.09.09 15:54:39 INFO  no build target found for C:\Users\gabri\.aGITProgrammering\chisel-lab\lab2\src\main\scala\Majority.scala. Using presentation compiler with project's scala-library version: 3.3.6
2025.09.09 15:54:39 INFO  no build target found for C:\Users\gabri\.aGITProgrammering\chisel-lab\lab2\src\main\scala\Majority.scala. Using presentation compiler with project's scala-library version: 3.3.6
sep. 09, 2025 3:54:54 PM org.eclipse.lsp4j.jsonrpc.services.GenericEndpoint notify
INFO: Unsupported notification method: $/setTrace
2025.09.09 16:02:20 WARN  no build target for: C:\Users\gabri\.aGITProgrammering\chisel-lab\lab2\src\main\scala\Majority.scala
2025.09.09 16:02:20 INFO  no build target found for C:\Users\gabri\.aGITProgrammering\chisel-lab\lab2\src\main\scala\Majority.scala. Using presentation compiler with project's scala-library version: 3.3.6
2025.09.09 16:02:20 INFO  no build target found for C:\Users\gabri\.aGITProgrammering\chisel-lab\lab2\src\main\scala\Majority.scala. Using presentation compiler with project's scala-library version: 3.3.6
2025.09.09 16:02:22 WARN  no build target for: C:\Users\gabri\.aGITProgrammering\chisel-lab\lab2\src\test\scala\MajoritySpec.scala
2025.09.09 16:02:22 INFO  no build target found for C:\Users\gabri\.aGITProgrammering\chisel-lab\lab2\src\test\scala\MajoritySpec.scala. Using presentation compiler with project's scala-library version: 3.3.6
2025.09.09 16:02:22 INFO  no build target found for C:\Users\gabri\.aGITProgrammering\chisel-lab\lab2\src\test\scala\MajoritySpec.scala. Using presentation compiler with project's scala-library version: 3.3.6
2025.09.09 16:02:22 INFO  no build target found for C:\Users\gabri\.aGITProgrammering\chisel-lab\lab2\src\test\scala\MajoritySpec.scala. Using presentation compiler with project's scala-library version: 3.3.6
2025.09.09 16:02:22 INFO  no build target found for C:\Users\gabri\.aGITProgrammering\chisel-lab\lab2\src\test\scala\MajoritySpec.scala. Using presentation compiler with project's scala-library version: 3.3.6
2025.09.09 16:02:23 INFO  no build target found for C:\Users\gabri\.aGITProgrammering\chisel-lab\lab2\src\test\scala\MajoritySpec.scala. Using presentation compiler with project's scala-library version: 3.3.6
2025.09.09 16:02:23 INFO  no build target found for C:\Users\gabri\.aGITProgrammering\chisel-lab\lab2\src\test\scala\MajoritySpec.scala. Using presentation compiler with project's scala-library version: 3.3.6
2025.09.09 16:02:23 INFO  no build target found for C:\Users\gabri\.aGITProgrammering\chisel-lab\lab2\src\test\scala\MajoritySpec.scala. Using presentation compiler with project's scala-library version: 3.3.6
2025.09.09 16:02:23 INFO  no build target found for C:\Users\gabri\.aGITProgrammering\chisel-lab\lab2\src\test\scala\MajoritySpec.scala. Using presentation compiler with project's scala-library version: 3.3.6
2025.09.09 16:02:26 WARN  no build target for: C:\Users\gabri\.aGITProgrammering\chisel-lab\lab2\src\main\scala\Majority.scala
2025.09.09 16:02:26 INFO  no build target found for C:\Users\gabri\.aGITProgrammering\chisel-lab\lab2\src\main\scala\Majority.scala. Using presentation compiler with project's scala-library version: 3.3.6
2025.09.09 16:02:26 INFO  no build target found for C:\Users\gabri\.aGITProgrammering\chisel-lab\lab2\src\main\scala\Majority.scala. Using presentation compiler with project's scala-library version: 3.3.6
2025.09.09 16:03:13 WARN  no build target for: C:\Users\gabri\.aGITProgrammering\chisel-lab\lab2\src\test\scala\MajoritySpec.scala
2025.09.09 16:03:13 INFO  no build target found for C:\Users\gabri\.aGITProgrammering\chisel-lab\lab2\src\test\scala\MajoritySpec.scala. Using presentation compiler with project's scala-library version: 3.3.6
2025.09.09 16:03:13 INFO  no build target found for C:\Users\gabri\.aGITProgrammering\chisel-lab\lab2\src\test\scala\MajoritySpec.scala. Using presentation compiler with project's scala-library version: 3.3.6
2025.09.09 16:03:13 INFO  no build target found for C:\Users\gabri\.aGITProgrammering\chisel-lab\lab2\src\test\scala\MajoritySpec.scala. Using presentation compiler with project's scala-library version: 3.3.6
2025.09.09 16:03:13 INFO  no build target found for C:\Users\gabri\.aGITProgrammering\chisel-lab\lab2\src\test\scala\MajoritySpec.scala. Using presentation compiler with project's scala-library version: 3.3.6
2025.09.09 16:15:00 INFO  no build target found for C:\Users\gabri\.aGITProgrammering\chisel-lab\lab2\src\main\scala\AddSub.scala. Using presentation compiler with project's scala-library version: 3.3.6
2025.09.09 16:15:00 INFO  no build target found for C:\Users\gabri\.aGITProgrammering\chisel-lab\lab2\src\main\scala\AddSub.scala. Using presentation compiler with project's scala-library version: 3.3.6
2025.09.09 16:15:00 INFO  no build target found for C:\Users\gabri\.aGITProgrammering\chisel-lab\lab2\src\main\scala\AddSub.scala. Using presentation compiler with project's scala-library version: 3.3.6
2025.09.09 16:15:07 INFO  no build target found for C:\Users\gabri\.aGITProgrammering\chisel-lab\lab2\src\main\scala\Majority.scala. Using presentation compiler with project's scala-library version: 3.3.6
2025.09.09 16:15:07 INFO  no build target found for C:\Users\gabri\.aGITProgrammering\chisel-lab\lab2\src\test\scala\MajoritySpec.scala. Using presentation compiler with project's scala-library version: 3.3.6
2025.09.09 16:15:11 INFO  no build target found for C:\Users\gabri\.aGITProgrammering\chisel-lab\lab2\src\test\scala\AddSubSpec.scala. Using presentation compiler with project's scala-library version: 3.3.6
2025.09.09 16:15:12 INFO  no build target found for C:\Users\gabri\.aGITProgrammering\chisel-lab\lab2\src\test\scala\AddSubSpec.scala. Using presentation compiler with project's scala-library version: 3.3.6
2025.09.09 16:15:22 INFO  no build target found for C:\Users\gabri\.aGITProgrammering\chisel-lab\lab2\src\main\scala\Mux2.scala. Using presentation compiler with project's scala-library version: 3.3.6
2025.09.09 16:15:22 INFO  no build target found for C:\Users\gabri\.aGITProgrammering\chisel-lab\lab2\src\main\scala\Mux2.scala. Using presentation compiler with project's scala-library version: 3.3.6
2025.09.09 16:15:22 INFO  no build target found for C:\Users\gabri\.aGITProgrammering\chisel-lab\lab2\src\main\scala\Mux2.scala. Using presentation compiler with project's scala-library version: 3.3.6
2025.09.09 16:15:23 INFO  no build target found for C:\Users\gabri\.aGITProgrammering\chisel-lab\lab2\src\test\scala\Mux2Spec.scala. Using presentation compiler with project's scala-library version: 3.3.6
2025.09.09 16:15:23 INFO  no build target found for C:\Users\gabri\.aGITProgrammering\chisel-lab\lab2\src\test\scala\Mux2Spec.scala. Using presentation compiler with project's scala-library version: 3.3.6
2025.09.09 16:15:23 INFO  no build target found for C:\Users\gabri\.aGITProgrammering\chisel-lab\lab2\src\test\scala\Mux2Spec.scala. Using presentation compiler with project's scala-library version: 3.3.6
2025.09.09 16:15:25 INFO  no build target found for C:\Users\gabri\.aGITProgrammering\chisel-lab\lab2\src\main\scala\AddSub.scala. Using presentation compiler with project's scala-library version: 3.3.6
2025.09.09 16:15:26 WARN  no build target for: C:\Users\gabri\.aGITProgrammering\chisel-lab\lab2\src\test\scala\AddSubSpec.scala
2025.09.09 16:15:25 INFO  no build target found for C:\Users\gabri\.aGITProgrammering\chisel-lab\lab2\src\test\scala\AddSubSpec.scala. Using presentation compiler with project's scala-library version: 3.3.6
2025.09.09 16:15:26 INFO  no build target found for C:\Users\gabri\.aGITProgrammering\chisel-lab\lab2\src\test\scala\AddSubSpec.scala. Using presentation compiler with project's scala-library version: 3.3.6
2025.09.09 16:15:26 INFO  no build target found for C:\Users\gabri\.aGITProgrammering\chisel-lab\lab2\src\test\scala\AddSubSpec.scala. Using presentation compiler with project's scala-library version: 3.3.6
2025.09.09 16:15:26 WARN  no build target for: C:\Users\gabri\.aGITProgrammering\chisel-lab\lab2\src\test\scala\Mux2Spec.scala
2025.09.09 16:15:26 INFO  no build target found for C:\Users\gabri\.aGITProgrammering\chisel-lab\lab2\src\test\scala\Mux2Spec.scala. Using presentation compiler with project's scala-library version: 3.3.6
2025.09.09 16:15:26 INFO  no build target found for C:\Users\gabri\.aGITProgrammering\chisel-lab\lab2\src\test\scala\Mux2Spec.scala. Using presentation compiler with project's scala-library version: 3.3.6
2025.09.09 16:15:26 INFO  no build target found for C:\Users\gabri\.aGITProgrammering\chisel-lab\lab2\src\test\scala\Mux2Spec.scala. Using presentation compiler with project's scala-library version: 3.3.6
2025.09.09 16:15:29 WARN  no build target for: C:\Users\gabri\.aGITProgrammering\chisel-lab\lab2\src\main\scala\Mux2.scala
2025.09.09 16:15:29 INFO  no build target found for C:\Users\gabri\.aGITProgrammering\chisel-lab\lab2\src\main\scala\Mux2.scala. Using presentation compiler with project's scala-library version: 3.3.6
2025.09.09 16:15:29 INFO  no build target found for C:\Users\gabri\.aGITProgrammering\chisel-lab\lab2\src\main\scala\Mux2.scala. Using presentation compiler with project's scala-library version: 3.3.6
2025.09.09 16:15:29 INFO  no build target found for C:\Users\gabri\.aGITProgrammering\chisel-lab\lab2\src\main\scala\Mux2.scala. Using presentation compiler with project's scala-library version: 3.3.6
2025.09.09 16:15:29 INFO  no build target found for C:\Users\gabri\.aGITProgrammering\chisel-lab\lab2\src\main\scala\Mux2.scala. Using presentation compiler with project's scala-library version: 3.3.6
2025.09.09 16:15:29 INFO  no build target found for C:\Users\gabri\.aGITProgrammering\chisel-lab\lab2\src\main\scala\Mux2.scala. Using presentation compiler with project's scala-library version: 3.3.6
2025.09.09 16:15:29 INFO  no build target found for C:\Users\gabri\.aGITProgrammering\chisel-lab\lab2\src\main\scala\Mux2.scala. Using presentation compiler with project's scala-library version: 3.3.6
2025.09.09 16:28:03 INFO  Shutting down server
2025.09.09 16:28:03 INFO  shutting down Metals
2025.09.09 16:28:03 INFO  Exiting server
